[2022-09-27 09:32:13.535] [INFO ] [main] com.springboot.api.ApiApplication Starting ApiApplication using Java 17.0.4.1 on DESKTOP-3UJ2RCP with PID 20088 (D:\99_project\test\Test\chapter5_api\target\classes started by User in D:\99_project\test\Test\chapter5_api)
[2022-09-27 09:32:13.538] [INFO ] [main] com.springboot.api.ApiApplication No active profile set, falling back to default profiles: default
[2022-09-27 09:32:14.433] [INFO ] [main] org.springframework.boot.web.embedded.tomcat.TomcatWebServer Tomcat initialized with port(s): 8080 (http)
[2022-09-27 09:32:14.442] [INFO ] [main] org.apache.coyote.http11.Http11NioProtocol Initializing ProtocolHandler ["http-nio-8080"]
[2022-09-27 09:32:14.442] [INFO ] [main] org.apache.catalina.core.StandardService Starting service [Tomcat]
[2022-09-27 09:32:14.467] [INFO ] [main] org.apache.catalina.core.StandardEngine Starting Servlet engine: [Apache Tomcat/9.0.54]
[2022-09-27 09:32:14.544] [INFO ] [main] org.apache.catalina.core.ContainerBase.[Tomcat].[localhost].[/] Initializing Spring embedded WebApplicationContext
[2022-09-27 09:32:14.545] [INFO ] [main] org.springframework.boot.web.servlet.context.ServletWebServerApplicationContext Root WebApplicationContext: initialization completed in 967 ms
[2022-09-27 09:32:14.857] [INFO ] [main] springfox.documentation.spring.web.PropertySourcedRequestMappingHandlerMapping Mapped URL path [/v2/api-docs] onto method [springfox.documentation.swagger2.web.Swagger2Controller#getDocumentation(String, HttpServletRequest)]
[2022-09-27 09:32:15.014] [INFO ] [main] org.apache.coyote.http11.Http11NioProtocol Starting ProtocolHandler ["http-nio-8080"]
[2022-09-27 09:32:15.051] [INFO ] [main] org.springframework.boot.web.embedded.tomcat.TomcatWebServer Tomcat started on port(s): 8080 (http) with context path ''
[2022-09-27 09:32:15.052] [INFO ] [main] springfox.documentation.spring.web.plugins.DocumentationPluginsBootstrapper Context refreshed
[2022-09-27 09:32:15.066] [INFO ] [main] springfox.documentation.spring.web.plugins.DocumentationPluginsBootstrapper Found 1 custom documentation plugin(s)
[2022-09-27 09:32:15.086] [INFO ] [main] springfox.documentation.spring.web.scanners.ApiListingReferenceScanner Scanning for api listing references
[2022-09-27 09:32:15.211] [INFO ] [main] com.springboot.api.ApiApplication Started ApiApplication in 2.009 seconds (JVM running for 2.589)
[2022-09-27 09:32:44.625] [INFO ] [http-nio-8080-exec-1] org.apache.catalina.core.ContainerBase.[Tomcat].[localhost].[/] Initializing Spring DispatcherServlet 'dispatcherServlet'
[2022-09-27 09:32:44.626] [INFO ] [http-nio-8080-exec-1] org.springframework.web.servlet.DispatcherServlet Initializing Servlet 'dispatcherServlet'
[2022-09-27 09:32:44.627] [INFO ] [http-nio-8080-exec-1] org.springframework.web.servlet.DispatcherServlet Completed initialization in 1 ms
[2022-09-27 09:33:27.950] [WARN ] [http-nio-8080-exec-3] org.springframework.web.servlet.mvc.support.DefaultHandlerExceptionResolver Resolved [org.springframework.web.HttpRequestMethodNotSupportedException: Request method 'GET' not supported]
[2022-09-27 09:35:42.865] [INFO ] [http-nio-8080-exec-6] com.springboot.api.controller.GetController getName 메소드가 호출되었습니다.
[2022-09-27 09:36:21.693] [INFO ] [RMI TCP Connection(13)-127.0.0.1] org.springframework.boot.admin.SpringApplicationAdminMXBeanRegistrar$SpringApplicationAdmin Application shutdown requested.
[2022-09-27 13:29:29.071] [INFO ] [main] com.springboot.api.ApiApplication Starting ApiApplication using Java 17.0.4.1 on DESKTOP-3UJ2RCP with PID 14608 (D:\99_project\test\Test\chapter5_api\target\classes started by User in D:\99_project\test\Test\chapter5_api)
[2022-09-27 13:29:29.073] [INFO ] [main] com.springboot.api.ApiApplication No active profile set, falling back to default profiles: default
[2022-09-27 13:29:29.925] [INFO ] [main] org.springframework.boot.web.embedded.tomcat.TomcatWebServer Tomcat initialized with port(s): 8080 (http)
[2022-09-27 13:29:29.935] [INFO ] [main] org.apache.coyote.http11.Http11NioProtocol Initializing ProtocolHandler ["http-nio-8080"]
[2022-09-27 13:29:29.935] [INFO ] [main] org.apache.catalina.core.StandardService Starting service [Tomcat]
[2022-09-27 13:29:29.935] [INFO ] [main] org.apache.catalina.core.StandardEngine Starting Servlet engine: [Apache Tomcat/9.0.54]
[2022-09-27 13:29:30.004] [INFO ] [main] org.apache.catalina.core.ContainerBase.[Tomcat].[localhost].[/] Initializing Spring embedded WebApplicationContext
[2022-09-27 13:29:30.004] [INFO ] [main] org.springframework.boot.web.servlet.context.ServletWebServerApplicationContext Root WebApplicationContext: initialization completed in 895 ms
[2022-09-27 13:29:30.310] [INFO ] [main] springfox.documentation.spring.web.PropertySourcedRequestMappingHandlerMapping Mapped URL path [/v2/api-docs] onto method [springfox.documentation.swagger2.web.Swagger2Controller#getDocumentation(String, HttpServletRequest)]
[2022-09-27 13:29:30.467] [INFO ] [main] org.apache.coyote.http11.Http11NioProtocol Starting ProtocolHandler ["http-nio-8080"]
[2022-09-27 13:29:30.504] [INFO ] [main] org.springframework.boot.web.embedded.tomcat.TomcatWebServer Tomcat started on port(s): 8080 (http) with context path ''
[2022-09-27 13:29:30.505] [INFO ] [main] springfox.documentation.spring.web.plugins.DocumentationPluginsBootstrapper Context refreshed
[2022-09-27 13:29:30.519] [INFO ] [main] springfox.documentation.spring.web.plugins.DocumentationPluginsBootstrapper Found 1 custom documentation plugin(s)
[2022-09-27 13:29:30.540] [INFO ] [main] springfox.documentation.spring.web.scanners.ApiListingReferenceScanner Scanning for api listing references
[2022-09-27 13:29:30.663] [INFO ] [main] com.springboot.api.ApiApplication Started ApiApplication in 1.968 seconds (JVM running for 2.61)
[2022-09-27 13:30:04.831] [INFO ] [http-nio-8080-exec-1] org.apache.catalina.core.ContainerBase.[Tomcat].[localhost].[/] Initializing Spring DispatcherServlet 'dispatcherServlet'
[2022-09-27 13:30:04.832] [INFO ] [http-nio-8080-exec-1] org.springframework.web.servlet.DispatcherServlet Initializing Servlet 'dispatcherServlet'
[2022-09-27 13:30:04.832] [INFO ] [http-nio-8080-exec-1] org.springframework.web.servlet.DispatcherServlet Completed initialization in 0 ms
[2022-09-27 13:32:24.647] [WARN ] [http-nio-8080-exec-8] org.springframework.web.servlet.mvc.support.DefaultHandlerExceptionResolver Resolved [org.springframework.http.converter.HttpMessageNotReadableException: JSON parse error: Unexpected character ('a' (code 97)): was expecting double-quote to start field name; nested exception is com.fasterxml.jackson.core.JsonParseException: Unexpected character ('a' (code 97)): was expecting double-quote to start field name<LF> at [Source: (PushbackInputStream); line: 2, column: 2]]
[2022-09-27 13:32:43.131] [WARN ] [http-nio-8080-exec-7] org.springframework.web.servlet.mvc.support.DefaultHandlerExceptionResolver Resolved [org.springframework.http.converter.HttpMessageNotReadableException: JSON parse error: Unexpected character ('a' (code 97)): was expecting double-quote to start field name; nested exception is com.fasterxml.jackson.core.JsonParseException: Unexpected character ('a' (code 97)): was expecting double-quote to start field name<LF> at [Source: (PushbackInputStream); line: 2, column: 2]]
[2022-09-27 18:05:19.940] [INFO ] [RMI TCP Connection(286)-127.0.0.1] org.springframework.boot.admin.SpringApplicationAdminMXBeanRegistrar$SpringApplicationAdmin Application shutdown requested.
